0 verbose cli /data/data/alsultan.shell/rootfs/usr/bin/node /data/data/alsultan.shell/rootfs/usr/bin/npm
1 info using npm@11.12.1
2 info using node@v24.14.1
3 silly config load:file:/data/data/alsultan.shell/rootfs/usr/lib/node_modules/npm/npmrc
4 silly config load:file:/data/data/alsultan.shell/rootfs/home/.npmrc
5 silly config load:file:/data/data/alsultan.shell/rootfs/usr/etc/npmrc
6 verbose title npm config
7 verbose argv "config"
8 verbose logfile logs-max:10 dir:/data/data/alsultan.shell/rootfs/home/.npm/_logs/2026-04-01T20_10_34_232Z-
9 verbose logfile /data/data/alsultan.shell/rootfs/home/.npm/_logs/2026-04-01T20_10_34_232Z-debug-0.log
10 silly logfile done cleaning log files
11 verbose stack Error: 
11 verbose stack Manage the npm configuration files
11 verbose stack
11 verbose stack Usage:
11 verbose stack npm config set <key>=<value> [<key>=<value> ...]
11 verbose stack npm config get [<key> [<key> ...]]
11 verbose stack npm config delete <key> [<key> ...]
11 verbose stack npm config list [--json]
11 verbose stack npm config edit
11 verbose stack npm config fix
11 verbose stack
11 verbose stack Options:
11 verbose stack [--json] [-g|--global] [--editor <editor>] [-L|--location <global|user|project>]
11 verbose stack [-l|--long]
11 verbose stack
11 verbose stack   --json
11 verbose stack     Whether or not to output JSON data, rather than the normal output.
11 verbose stack
11 verbose stack   -g|--global
11 verbose stack     Operates in "global" mode, so that packages are installed into the
11 verbose stack
11 verbose stack   --editor
11 verbose stack     The command to run for `npm edit` and `npm config edit`.
11 verbose stack
11 verbose stack   -L|--location
11 verbose stack     When passed to `npm config` this refers to which config file to use.
11 verbose stack
11 verbose stack   -l|--long
11 verbose stack     Show extended information in `ls`, `search`, and `help-search`.
11 verbose stack
11 verbose stack
11 verbose stack alias: c
11 verbose stack
11 verbose stack Run "npm help config" for more info
11 verbose stack     at Config.usageError (/data/data/alsultan.shell/rootfs/usr/lib/node_modules/npm/lib/base-cmd.js:177:26)
11 verbose stack     at Config.exec (/data/data/alsultan.shell/rootfs/usr/lib/node_modules/npm/lib/commands/config.js:156:20)
11 verbose stack     at /data/data/alsultan.shell/rootfs/usr/lib/node_modules/npm/lib/npm.js:308:81
11 verbose stack     at Object.start (/data/data/alsultan.shell/rootfs/usr/lib/node_modules/npm/node_modules/proc-log/lib/index.js:101:21)
11 verbose stack     at Npm.execCommandClass (/data/data/alsultan.shell/rootfs/usr/lib/node_modules/npm/lib/npm.js:307:19)
11 verbose stack     at async Npm.exec (/data/data/alsultan.shell/rootfs/usr/lib/node_modules/npm/lib/npm.js:193:9)
11 verbose stack     at async module.exports (/data/data/alsultan.shell/rootfs/usr/lib/node_modules/npm/lib/cli/entry.js:67:5)
12 error code EUSAGE
13 error
13 error Manage the npm configuration files
13 error
13 error Usage:
13 error npm config set <key>=<value> [<key>=<value> ...]
13 error npm config get [<key> [<key> ...]]
13 error npm config delete <key> [<key> ...]
13 error npm config list [--json]
13 error npm config edit
13 error npm config fix
13 error
13 error Options:
13 error [--json] [-g|--global] [--editor <editor>] [-L|--location <global|user|project>]
13 error [-l|--long]
13 error
13 error   --json
13 error     Whether or not to output JSON data, rather than the normal output.
13 error
13 error   -g|--global
13 error     Operates in "global" mode, so that packages are installed into the
13 error
13 error   --editor
13 error     The command to run for `npm edit` and `npm config edit`.
13 error
13 error   -L|--location
13 error     When passed to `npm config` this refers to which config file to use.
13 error
13 error   -l|--long
13 error     Show extended information in `ls`, `search`, and `help-search`.
13 error
13 error
13 error alias: c
13 error
13 error Run "npm help config" for more info
14 verbose cwd /data/data/alsultan.shell/rootfs/home
15 verbose os Linux 3.18.91-16968401
16 verbose node v24.14.1
17 verbose npm  v11.12.1
18 verbose exit 1
19 verbose code 1
20 error A complete log of this run can be found in: /data/data/alsultan.shell/rootfs/home/.npm/_logs/2026-04-01T20_10_34_232Z-debug-0.log
